2020-04-30 16:56:47.301  INFO 19420 --- [restartedMain] l.m.c.community.CommunityApplication     : Starting CommunityApplication on DESKTOP-BNLODVI with PID 19420 (C:\Users\ASUS\IdeaProjects\community\target\classes started by ASUS in C:\Users\ASUS\IdeaProjects\community)
2020-04-30 16:56:47.305  INFO 19420 --- [restartedMain] l.m.c.community.CommunityApplication     : No active profile set, falling back to default profiles: default
2020-04-30 16:56:47.374  INFO 19420 --- [restartedMain] .e.DevToolsPropertyDefaultsPostProcessor : Devtools property defaults active! Set 'spring.devtools.add-properties' to 'false' to disable
2020-04-30 16:56:47.382  INFO 19420 --- [restartedMain] .e.DevToolsPropertyDefaultsPostProcessor : For additional web related logging consider setting the 'logging.level.web' property to 'DEBUG'
2020-04-30 16:56:49.057  INFO 19420 --- [restartedMain] o.s.b.w.embedded.tomcat.TomcatWebServer  : Tomcat initialized with port(s): 8887 (http)
2020-04-30 16:56:49.069  INFO 19420 --- [restartedMain] o.apache.catalina.core.StandardService   : Starting service [Tomcat]
2020-04-30 16:56:49.069  INFO 19420 --- [restartedMain] org.apache.catalina.core.StandardEngine  : Starting Servlet engine: [Apache Tomcat/9.0.31]
2020-04-30 16:56:49.224  INFO 19420 --- [restartedMain] o.a.c.c.C.[Tomcat].[localhost].[/]       : Initializing Spring embedded WebApplicationContext
2020-04-30 16:56:49.224  INFO 19420 --- [restartedMain] o.s.web.context.ContextLoader            : Root WebApplicationContext: initialization completed in 1842 ms
2020-04-30 16:56:50.230  INFO 19420 --- [restartedMain] o.s.s.concurrent.ThreadPoolTaskExecutor  : Initializing ExecutorService 'applicationTaskExecutor'
2020-04-30 16:56:50.394  INFO 19420 --- [restartedMain] o.s.b.a.w.s.WelcomePageHandlerMapping    : Adding welcome page template: index
2020-04-30 16:56:50.576  INFO 19420 --- [restartedMain] o.f.c.internal.license.VersionPrinter    : Flyway Community Edition 5.2.4 by Boxfuse
2020-04-30 16:56:50.580  INFO 19420 --- [restartedMain] com.zaxxer.hikari.HikariDataSource       : HikariPool-1 - Starting...
2020-04-30 16:56:50.720  INFO 19420 --- [restartedMain] com.zaxxer.hikari.pool.PoolBase          : HikariPool-1 - Driver does not support get/set network timeout for connections. (com.mysql.jdbc.JDBC4Connection.getNetworkTimeout()I)
2020-04-30 16:56:50.723  INFO 19420 --- [restartedMain] com.zaxxer.hikari.HikariDataSource       : HikariPool-1 - Start completed.
2020-04-30 16:56:50.727  INFO 19420 --- [restartedMain] o.f.c.internal.database.DatabaseFactory  : Database: jdbc:mysql://localhost/community (MySQL 5.5)
2020-04-30 16:56:50.827  INFO 19420 --- [restartedMain] o.f.core.internal.command.DbValidate     : Successfully validated 14 migrations (execution time 00:00.057s)
2020-04-30 16:56:50.839  INFO 19420 --- [restartedMain] o.f.core.internal.command.DbMigrate      : Current version of schema `community`: 14
2020-04-30 16:56:50.840  INFO 19420 --- [restartedMain] o.f.core.internal.command.DbMigrate      : Schema `community` is up to date. No migration necessary.
2020-04-30 16:56:51.171  INFO 19420 --- [restartedMain] o.s.b.d.a.OptionalLiveReloadServer       : LiveReload server is running on port 35729
2020-04-30 16:56:51.214  INFO 19420 --- [restartedMain] o.s.b.w.embedded.tomcat.TomcatWebServer  : Tomcat started on port(s): 8887 (http) with context path ''
2020-04-30 16:56:51.216  INFO 19420 --- [restartedMain] l.m.c.community.CommunityApplication     : Started CommunityApplication in 4.543 seconds (JVM running for 6.05)
2020-04-30 16:57:20.438  INFO 19420 --- [http-nio-8887-exec-1] o.a.c.c.C.[Tomcat].[localhost].[/]       : Initializing Spring DispatcherServlet 'dispatcherServlet'
2020-04-30 16:57:20.438  INFO 19420 --- [http-nio-8887-exec-1] o.s.web.servlet.DispatcherServlet        : Initializing Servlet 'dispatcherServlet'
2020-04-30 16:57:20.446  INFO 19420 --- [http-nio-8887-exec-1] o.s.web.servlet.DispatcherServlet        : Completed initialization in 8 ms
